<?xml version="1.0" encoding="UTF-8"?>
<testsuite xmlns:xsi="http://www.w3.org/2001/XMLSchema-instance" xsi:noNamespaceSchemaLocation="https://maven.apache.org/surefire/maven-surefire-plugin/xsd/surefire-test-report.xsd" version="3.0.1" name="learn.junit.anas.javaunittest.CalculatorTest" time="0.025" tests="4" errors="0" skipped="0" failures="0">
  <properties>
[...]
</properties>
  <testcase name="testDevidedSucces" classname="learn.junit.anas.javaunittest.CalculatorTest" time="0.005">
    <system-out><![CDATA[devided method Success
]]></system-out>
  </testcase>
  <testcase name="testTimesSucces" classname="learn.junit.anas.javaunittest.CalculatorTest" time="0.004">
    <system-out><![CDATA[times method Success
]]></system-out>
  </testcase>
  <testcase name="testMinusSucces" classname="learn.junit.anas.javaunittest.CalculatorTest" time="0.002">
    <system-out><![CDATA[minus method Success
]]></system-out>
  </testcase>
  <testcase name="testAddSucces" classname="learn.junit.anas.javaunittest.CalculatorTest" time="0.003">
    <system-out><![CDATA[add method Success
]]></system-out>
  </testcase>
</testsuite>